1634417640.915651 client started (19476): version 3.1c, socket /tmp/tmux-1000/default, protocol 8
1634417640.915672 on Linux 5.13.0-7614-generic #14~1631647151~21.04~930e87c-Ubuntu SMP Fri Sep 17 00:24:58 UTC ; libevent 2.1.12-stable (poll)
1634417640.915682 socket is /tmp/tmux-1000/default
1634417640.915691 trying connect
1634417640.915703 connect failed: No such file or directory
1634417640.915709 lock file is /tmp/tmux-1000/default.lock
1634417640.915731 flock succeeded
1634417640.915733 got lock (6)
1634417640.915738 trying connect
1634417640.915744 connect failed: No such file or directory
1634417640.915863 add peer 0x55b4bb2ecae0: 7 ((nil))
1634417640.915952 sending message 100 to peer 0x55b4bb2ecae0 (4 bytes)
1634417640.915958 sending message 101 to peer 0x55b4bb2ecae0 (15 bytes)
1634417640.915962 sending message 102 to peer 0x55b4bb2ecae0 (11 bytes)
1634417640.915965 sending message 108 to peer 0x55b4bb2ecae0 (34 bytes)
1634417640.915968 sending message 104 to peer 0x55b4bb2ecae0 (0 bytes)
1634417640.915972 sending message 107 to peer 0x55b4bb2ecae0 (4 bytes)
1634417640.915975 sending message 105 to peer 0x55b4bb2ecae0 (33 bytes)
1634417640.915984 sending message 105 to peer 0x55b4bb2ecae0 (20 bytes)
1634417640.915988 sending message 105 to peer 0x55b4bb2ecae0 (20 bytes)
1634417640.915990 sending message 105 to peer 0x55b4bb2ecae0 (18 bytes)
1634417640.915993 sending message 105 to peer 0x55b4bb2ecae0 (16 bytes)
1634417640.915997 sending message 105 to peer 0x55b4bb2ecae0 (21 bytes)
1634417640.915999 sending message 105 to peer 0x55b4bb2ecae0 (8 bytes)
1634417640.916002 sending message 105 to peer 0x55b4bb2ecae0 (26 bytes)
1634417640.916005 sending message 105 to peer 0x55b4bb2ecae0 (20 bytes)
1634417640.916008 sending message 105 to peer 0x55b4bb2ecae0 (64 bytes)
1634417640.916011 sending message 105 to peer 0x55b4bb2ecae0 (47 bytes)
1634417640.916014 sending message 105 to peer 0x55b4bb2ecae0 (29 bytes)
1634417640.916017 sending message 105 to peer 0x55b4bb2ecae0 (24 bytes)
1634417640.916020 sending message 105 to peer 0x55b4bb2ecae0 (16 bytes)
1634417640.916022 sending message 105 to peer 0x55b4bb2ecae0 (54 bytes)
1634417640.916025 sending message 105 to peer 0x55b4bb2ecae0 (36 bytes)
1634417640.916036 sending message 105 to peer 0x55b4bb2ecae0 (51 bytes)
1634417640.916040 sending message 105 to peer 0x55b4bb2ecae0 (23 bytes)
1634417640.916043 sending message 105 to peer 0x55b4bb2ecae0 (19 bytes)
1634417640.916046 sending message 105 to peer 0x55b4bb2ecae0 (16 bytes)
1634417640.916049 sending message 105 to peer 0x55b4bb2ecae0 (23 bytes)
1634417640.916052 sending message 105 to peer 0x55b4bb2ecae0 (48 bytes)
1634417640.916055 sending message 105 to peer 0x55b4bb2ecae0 (23 bytes)
1634417640.916058 sending message 105 to peer 0x55b4bb2ecae0 (24 bytes)
1634417640.916061 sending message 105 to peer 0x55b4bb2ecae0 (44 bytes)
1634417640.916064 sending message 105 to peer 0x55b4bb2ecae0 (13 bytes)
1634417640.916067 sending message 105 to peer 0x55b4bb2ecae0 (1199 bytes)
1634417640.916071 sending message 105 to peer 0x55b4bb2ecae0 (17 bytes)
1634417640.916074 sending message 105 to peer 0x55b4bb2ecae0 (84 bytes)
1634417640.916077 sending message 105 to peer 0x55b4bb2ecae0 (47 bytes)
1634417640.916080 sending message 105 to peer 0x55b4bb2ecae0 (31 bytes)
1634417640.916083 sending message 105 to peer 0x55b4bb2ecae0 (23 bytes)
1634417640.916086 sending message 105 to peer 0x55b4bb2ecae0 (27 bytes)
1634417640.916089 sending message 105 to peer 0x55b4bb2ecae0 (23 bytes)
1634417640.916092 sending message 105 to peer 0x55b4bb2ecae0 (11 bytes)
1634417640.916095 sending message 105 to peer 0x55b4bb2ecae0 (17 bytes)
1634417640.916098 sending message 105 to peer 0x55b4bb2ecae0 (25 bytes)
1634417640.916100 sending message 105 to peer 0x55b4bb2ecae0 (30 bytes)
1634417640.916103 sending message 105 to peer 0x55b4bb2ecae0 (41 bytes)
1634417640.916106 sending message 105 to peer 0x55b4bb2ecae0 (24 bytes)
1634417640.916109 sending message 105 to peer 0x55b4bb2ecae0 (20 bytes)
1634417640.916112 sending message 105 to peer 0x55b4bb2ecae0 (33 bytes)
1634417640.916120 sending message 105 to peer 0x55b4bb2ecae0 (41 bytes)
1634417640.916123 sending message 105 to peer 0x55b4bb2ecae0 (16 bytes)
1634417640.916126 sending message 105 to peer 0x55b4bb2ecae0 (20 bytes)
1634417640.916129 sending message 105 to peer 0x55b4bb2ecae0 (19 bytes)
1634417640.916132 sending message 105 to peer 0x55b4bb2ecae0 (15 bytes)
1634417640.916135 sending message 105 to peer 0x55b4bb2ecae0 (27 bytes)
1634417640.916138 sending message 105 to peer 0x55b4bb2ecae0 (52 bytes)
1634417640.916141 sending message 105 to peer 0x55b4bb2ecae0 (30 bytes)
1634417640.916144 sending message 105 to peer 0x55b4bb2ecae0 (24 bytes)
1634417640.916146 sending message 105 to peer 0x55b4bb2ecae0 (18 bytes)
1634417640.916149 sending message 105 to peer 0x55b4bb2ecae0 (60 bytes)
1634417640.916152 sending message 105 to peer 0x55b4bb2ecae0 (38 bytes)
1634417640.916155 sending message 105 to peer 0x55b4bb2ecae0 (169 bytes)
1634417640.916158 sending message 105 to peer 0x55b4bb2ecae0 (42 bytes)
1634417640.916161 sending message 105 to peer 0x55b4bb2ecae0 (23 bytes)
1634417640.916164 sending message 105 to peer 0x55b4bb2ecae0 (21 bytes)
1634417640.916167 sending message 105 to peer 0x55b4bb2ecae0 (12 bytes)
1634417640.916170 sending message 105 to peer 0x55b4bb2ecae0 (18 bytes)
1634417640.916173 sending message 105 to peer 0x55b4bb2ecae0 (18 bytes)
1634417640.916176 sending message 105 to peer 0x55b4bb2ecae0 (20 bytes)
1634417640.916178 sending message 105 to peer 0x55b4bb2ecae0 (20 bytes)
1634417640.916181 sending message 105 to peer 0x55b4bb2ecae0 (41 bytes)
1634417640.916184 sending message 105 to peer 0x55b4bb2ecae0 (36 bytes)
1634417640.916187 sending message 105 to peer 0x55b4bb2ecae0 (19 bytes)
1634417640.916190 sending message 105 to peer 0x55b4bb2ecae0 (25 bytes)
1634417640.916193 sending message 105 to peer 0x55b4bb2ecae0 (11 bytes)
1634417640.916196 sending message 105 to peer 0x55b4bb2ecae0 (8 bytes)
1634417640.916198 sending message 105 to peer 0x55b4bb2ecae0 (32 bytes)
1634417640.916201 sending message 105 to peer 0x55b4bb2ecae0 (1519 bytes)
1634417640.916206 sending message 105 to peer 0x55b4bb2ecae0 (51 bytes)
1634417640.916209 sending message 105 to peer 0x55b4bb2ecae0 (55 bytes)
1634417640.916212 sending message 105 to peer 0x55b4bb2ecae0 (59 bytes)
1634417640.916215 sending message 105 to peer 0x55b4bb2ecae0 (44 bytes)
1634417640.916218 sending message 105 to peer 0x55b4bb2ecae0 (41 bytes)
1634417640.916221 sending message 105 to peer 0x55b4bb2ecae0 (62 bytes)
1634417640.916224 sending message 105 to peer 0x55b4bb2ecae0 (58 bytes)
1634417640.916227 sending message 105 to peer 0x55b4bb2ecae0 (151 bytes)
1634417640.916230 sending message 105 to peer 0x55b4bb2ecae0 (30 bytes)
1634417640.916233 sending message 105 to peer 0x55b4bb2ecae0 (130 bytes)
1634417640.916235 sending message 105 to peer 0x55b4bb2ecae0 (19 bytes)
1634417640.916238 sending message 105 to peer 0x55b4bb2ecae0 (42 bytes)
1634417640.916241 sending message 105 to peer 0x55b4bb2ecae0 (46 bytes)
1634417640.916244 sending message 105 to peer 0x55b4bb2ecae0 (40 bytes)
1634417640.916247 sending message 105 to peer 0x55b4bb2ecae0 (42 bytes)
1634417640.916250 sending message 105 to peer 0x55b4bb2ecae0 (55 bytes)
1634417640.916253 sending message 105 to peer 0x55b4bb2ecae0 (17 bytes)
1634417640.916256 sending message 105 to peer 0x55b4bb2ecae0 (19 bytes)
1634417640.916259 sending message 105 to peer 0x55b4bb2ecae0 (30 bytes)
1634417640.916261 sending message 106 to peer 0x55b4bb2ecae0 (0 bytes)
1634417640.916265 sending message 200 to peer 0x55b4bb2ecae0 (4 bytes)
1634417640.916267 client loop enter
1634417641.037234 peer 0x55b4bb2ecae0 message 207
1634417641.037246 sending message 208 to peer 0x55b4bb2ecae0 (0 bytes)
1634417652.967047 sending message 208 to peer 0x55b4bb2ecae0 (0 bytes)
1634417656.246322 sending message 205 to peer 0x55b4bb2ecae0 (0 bytes)
1634417656.246473 client loop exit
